Content-Type: multipart/alternative;
 boundary="===============9178803433278164296=="
MIME-Version: 1.0
Subject: Profile activation
From: test@example.com
To: vignesh@skcet.ac.in
Date: Fri, 13 Mar 2020 17:47:39 -0000
Message-ID: 
 <158412165982.43222.12580391313348983379@8c8590699c69.ant.amazon.com>

--===============9178803433278164296==
Content-Type: text/plain; charset="utf-8"
MIME-Version: 1.0
Content-Transfer-Encoding: 7bit



To activate your profile, please follow this link:

http://127.0.0.1:8000/accounts/activate/o5VAwDG8HprIwGTgqPil/

--===============9178803433278164296==
Content-Type: text/html; charset="utf-8"
MIME-Version: 1.0
Content-Transfer-Encoding: 7bit



<!DOCTYPE html PUBLIC "-//W3C//DTD XHTML 1.0 Transitional//EN"
        "http://www.w3.org/TR/xhtml1/DTD/xhtml1-transitional.dtd">
<html xmlns="http://www.w3.org/1999/xhtml">
<head>
    <meta http-equiv="Content-Type" content="text/html; charset=UTF-8"/>
    <title>Profile activation</title>
    <meta name="viewport" content="width=device-width, initial-scale=1.0"/>
</head>

<body>

<p>
    To activate your profile, please follow this link:
</p>

<p>
    <a href="http://127.0.0.1:8000/accounts/activate/o5VAwDG8HprIwGTgqPil/">http://127.0.0.1:8000/accounts/activate/o5VAwDG8HprIwGTgqPil/</a>
</p>

</body>

</html>

--===============9178803433278164296==--

-------------------------------------------------------------------------------
