Content-Type: multipart/alternative;
 boundary="===============4807996972572948335=="
MIME-Version: 1.0
Subject: Profile activation
From: test@example.com
To: 16euit174@skcet.ac.in
Date: Fri, 13 Mar 2020 17:51:13 -0000
Message-ID: 
 <158412187346.44745.17628677885854172179@8c8590699c69.ant.amazon.com>

--===============4807996972572948335==
Content-Type: text/plain; charset="utf-8"
MIME-Version: 1.0
Content-Transfer-Encoding: 7bit



To activate your profile, please follow this link:

http://127.0.0.1:8000/accounts/activate/2NCorEWKdLFnPJiUagPk/

--===============4807996972572948335==
Content-Type: text/html; charset="utf-8"
MIME-Version: 1.0
Content-Transfer-Encoding: 7bit



<!DOCTYPE html PUBLIC "-//W3C//DTD XHTML 1.0 Transitional//EN"
        "http://www.w3.org/TR/xhtml1/DTD/xhtml1-transitional.dtd">
<html xmlns="http://www.w3.org/1999/xhtml">
<head>
    <meta http-equiv="Content-Type" content="text/html; charset=UTF-8"/>
    <title>Profile activation</title>
    <meta name="viewport" content="width=device-width, initial-scale=1.0"/>
</head>

<body>

<p>
    To activate your profile, please follow this link:
</p>

<p>
    <a href="http://127.0.0.1:8000/accounts/activate/2NCorEWKdLFnPJiUagPk/">http://127.0.0.1:8000/accounts/activate/2NCorEWKdLFnPJiUagPk/</a>
</p>

</body>

</html>

--===============4807996972572948335==--

-------------------------------------------------------------------------------
